<?xml version="1.0" encoding="utf-8" standalone="no"?>
<!--This file represents the results of running a test suite-->
<test-results name="C:\Users\Ander\Documents\PIGit\SchoolIn\ScoolIn_Test\bin\Debug\ScoolIn_Test.dll" total="1" errors="0" failures="0" not-run="0" inconclusive="0" ignored="0" skipped="0" invalid="0" date="2015-11-20" time="10:34:53">
  <environment nunit-version="2.6.4.14350" clr-version="4.0.30319.42000" os-version="Microsoft Windows NT 6.2.9200.0" platform="Win32NT" cwd="C:\Users\Ander\Documents\PIGit\SchoolIn\ScoolIn_Test\bin\Debug" machine-name="DESKTOP-72F5A9Q" user="Ander" user-domain="DESKTOP-72F5A9Q" />
  <culture-info current-culture="fr-FR" current-uiculture="fr-FR" />
  <test-suite type="Assembly" name="C:\Users\Ander\Documents\PIGit\SchoolIn\ScoolIn_Test\bin\Debug\ScoolIn_Test.dll" executed="True" result="Success" success="True" time="0.125" asserts="0">
    <results>
      <test-suite type="Namespace" name="ScoolIn_Test" executed="True" result="Success" success="True" time="0.099" asserts="0">
        <results>
          <test-suite type="TestFixture" name="SerializationTests" executed="True" result="Success" success="True" time="0.097" asserts="0">
            <results>
              <test-case name="ScoolIn_Test.SerializationTests.save_and_reload" executed="True" result="Success" success="True" time="0.079" asserts="1" />
            </results>
          </test-suite>
        </results>
      </test-suite>
    </results>
  </test-suite>
</test-results>